2019-10-22 16:18:02,685     INFO [        translate_data.py         CalQuantile    54] [0.439, 0.443, 0.477, 0.641]
2019-10-22 16:18:02,685     INFO [        translate_data.py         CalQuantile    62] 4
2019-10-22 16:18:55,001     INFO [        translate_data.py         CalQuantile    54] [0.439, 0.443, 0.477, 0.641]
2019-10-22 16:18:55,001     INFO [        translate_data.py         CalQuantile    61] 4.25
2019-10-22 16:19:09,223     INFO [        translate_data.py         CalQuantile    54] [0.439, 0.443, 0.477, 0.641]
2019-10-22 16:19:09,224     INFO [        translate_data.py         CalQuantile    61] 1.25
2019-10-22 16:19:27,544     INFO [        translate_data.py         CalQuantile    54] [0.439, 0.443, 0.477, 0.641]
2019-10-22 16:19:54,055     INFO [        translate_data.py         CalQuantile    54] [0.439, 0.443, 0.477, 0.641]
2019-10-22 16:20:50,864     INFO [        translate_data.py         CalQuantile    54] [0.14, 0.157, 0.158, 0.199]
2019-10-22 16:21:06,395     INFO [        translate_data.py         CalQuantile    54] [0.14, 0.157, 0.158, 0.199]
2019-10-22 16:21:06,395     INFO [        translate_data.py         CalQuantile    61] 1.25
2019-10-22 16:21:55,580     INFO [        translate_data.py         CalQuantile    54] [1.322, 1.539, 2.013, 2.476, 5.932]
2019-10-22 16:21:55,581     INFO [        translate_data.py         CalQuantile    61] 1.5
2019-10-22 16:22:22,005     INFO [        translate_data.py         CalQuantile    54] [1.322, 1.539, 2.013, 2.476, 5.932]
2019-10-22 16:23:15,511     INFO [        translate_data.py         CalQuantile    54] [1.322, 1.539, 2.013, 5.932]
2019-10-22 16:48:24,908     INFO [        translate_data.py         CalQuantile    54] [0.00067901611328125, 0.0007190704345703125, 0.0013489723205566406, 0.0017120838165283203]
2019-10-22 16:48:24,909     INFO [        translate_data.py         CalQuantile    61] 1.25
2019-10-22 16:48:24,909     INFO [        translate_data.py         CalQuantile    54] [0.00067901611328125, 0.0007190704345703125, 0.0013489723205566406, 0.0017120838165283203]
2019-10-22 16:48:24,909     INFO [        translate_data.py         CalQuantile    54] [0.0006940364837646484, 0.0014300346374511719, 0.0017337799072265625, 0.006297111511230469]
2019-10-22 16:48:24,910     INFO [        translate_data.py         CalQuantile    61] 1.25
2019-10-22 16:48:24,910     INFO [        translate_data.py         CalQuantile    54] [0.0006940364837646484, 0.0014300346374511719, 0.0017337799072265625, 0.006297111511230469]
2019-10-22 16:48:24,910     INFO [        translate_data.py         CalQuantile    54] [0.0007870197296142578, 0.0010600090026855469, 0.004292964935302734, 0.007158994674682617]
2019-10-22 16:48:24,911     INFO [        translate_data.py         CalQuantile    61] 1.25
2019-10-22 16:48:24,911     INFO [        translate_data.py         CalQuantile    54] [0.0007870197296142578, 0.0010600090026855469, 0.004292964935302734, 0.007158994674682617]
2019-10-22 16:48:24,911     INFO [        translate_data.py         CalQuantile    54] [0.0006089210510253906, 0.0007278919219970703, 0.0007829666137695312, 0.004940032958984375]
2019-10-22 16:48:24,912     INFO [        translate_data.py         CalQuantile    61] 1.25
2019-10-22 16:48:24,912     INFO [        translate_data.py         CalQuantile    54] [0.0006089210510253906, 0.0007278919219970703, 0.0007829666137695312, 0.004940032958984375]
2019-10-22 16:48:24,912     INFO [        translate_data.py         CalQuantile    54] [0.0006110668182373047, 0.0006630420684814453, 0.0006818771362304688, 0.0011990070343017578]
2019-10-22 16:48:24,912     INFO [        translate_data.py         CalQuantile    61] 1.25
2019-10-22 16:48:24,913     INFO [        translate_data.py         CalQuantile    54] [0.0006110668182373047, 0.0006630420684814453, 0.0006818771362304688, 0.0011990070343017578]
2019-10-22 16:48:24,913     INFO [        translate_data.py         CalQuantile    54] [0.0006568431854248047, 0.0007009506225585938, 0.0007288455963134766, 0.0007660388946533203]
2019-10-22 16:48:24,913     INFO [        translate_data.py         CalQuantile    61] 1.25
2019-10-22 16:48:24,914     INFO [        translate_data.py         CalQuantile    54] [0.0006568431854248047, 0.0007009506225585938, 0.0007288455963134766, 0.0007660388946533203]
2019-10-22 16:48:24,914     INFO [        translate_data.py         CalQuantile    54] [0.0006561279296875, 0.0006809234619140625, 0.0007369518280029297, 0.002110004425048828]
2019-10-22 16:48:24,914     INFO [        translate_data.py         CalQuantile    61] 1.25
2019-10-22 16:48:24,915     INFO [        translate_data.py         CalQuantile    54] [0.0006561279296875, 0.0006809234619140625, 0.0007369518280029297, 0.002110004425048828]
2019-10-22 16:48:24,915     INFO [        translate_data.py         CalQuantile    54] [0.0005960464477539062, 0.0006289482116699219, 0.0007460117340087891, 0.001458883285522461]
2019-10-22 16:48:24,915     INFO [        translate_data.py         CalQuantile    61] 1.25
2019-10-22 16:48:24,916     INFO [        translate_data.py         CalQuantile    54] [0.0005960464477539062, 0.0006289482116699219, 0.0007460117340087891, 0.001458883285522461]
2019-10-22 16:48:24,916     INFO [        translate_data.py         CalQuantile    54] [0.0007710456848144531, 0.0007810592651367188, 0.0010399818420410156, 0.0014050006866455078]
2019-10-22 16:48:24,916     INFO [        translate_data.py         CalQuantile    61] 1.25
2019-10-22 16:48:24,917     INFO [        translate_data.py         CalQuantile    54] [0.0007710456848144531, 0.0007810592651367188, 0.0010399818420410156, 0.0014050006866455078]
2019-10-22 16:48:24,917     INFO [        translate_data.py         CalQuantile    54] [0.0005979537963867188, 0.0007169246673583984, 0.0008840560913085938, 0.0009210109710693359]
2019-10-22 16:48:24,917     INFO [        translate_data.py         CalQuantile    61] 1.25
2019-10-22 16:48:24,918     INFO [        translate_data.py         CalQuantile    54] [0.0005979537963867188, 0.0007169246673583984, 0.0008840560913085938, 0.0009210109710693359]
2019-10-22 16:48:24,918     INFO [        translate_data.py         CalQuantile    54] [0.0007162094116210938, 0.0007469654083251953, 0.00090789794921875, 0.0011010169982910156]
2019-10-22 16:48:24,919     INFO [        translate_data.py         CalQuantile    61] 1.25
2019-10-22 16:48:24,920     INFO [        translate_data.py         CalQuantile    54] [0.0007162094116210938, 0.0007469654083251953, 0.00090789794921875, 0.0011010169982910156]
